<?xml version="1.0" encoding="UTF-8"?>
<testsuite xmlns:xsi="http://www.w3.org/2001/XMLSchema-instance" xsi:noNamespaceSchemaLocation="https://maven.apache.org/surefire/maven-surefire-plugin/xsd/surefire-test-report-3.0.xsd" version="3.0" name="com.flashsale.PaymentServiceTest" time="0.057" tests="3" errors="0" skipped="0" failures="0">
  <properties>
[...]
</properties>
  <testcase name="testInitiatePayment_invalidForceStatus" classname="com.flashsale.PaymentServiceTest" time="0.012"/>
  <testcase name="testInitiatePayment_success" classname="com.flashsale.PaymentServiceTest" time="0.028">
    <system-out><![CDATA[23:40:50.463 [main] INFO com.flashsale.service.PaymentService -- Payment initiated: PAY-B4D455CD for order: ORD-1001
]]></system-out>
  </testcase>
  <testcase name="testHandlePaymentSuccess_duplicateEvent" classname="com.flashsale.PaymentServiceTest" time="0.009">
    <system-out><![CDATA[23:40:50.477 [main] INFO com.flashsale.service.PaymentService -- Payment PAY-1001 already processed with status: SUCCESS. Skipping duplicate.
]]></system-out>
  </testcase>
</testsuite>